# JRE version: OpenJDK Runtime Environment Temurin-21.0.9+10 (21.0.9+10) (build 21.0.9+10-LTS)
# Java VM: OpenJDK 64-Bit Server VM Temurin-21.0.9+10 (21.0.9+10-LTS, mixed mode, sharing, tiered, compressed oops, compressed class ptrs, parallel gc, windows-amd64)
GC Precious Log:
 CardTable entry size: 512
 CPUs: 4 total, 4 available
 Memory: 7538M
 Large Page Support: Disabled
 NUMA Support: Disabled
 Compressed Oops: Enabled (32-bit)
 Alignments: Space 512K, Generation 512K, Heap 2M
 Heap Min Capacity: 100M
 Heap Initial Capacity: 100M
 Heap Max Capacity: 2G
 Pre-touch: Disabled
 Parallel Workers: 4
Heap:
 PSYoungGen      total 10240K, used 7195K [0x00000000d5580000, 0x00000000d6580000, 0x0000000100000000)
  eden space 7680K, 66% used [0x00000000d5580000,0x00000000d5a76d38,0x00000000d5d00000)
  from space 2560K, 82% used [0x00000000d5d00000,0x00000000d5f10020,0x00000000d5f80000)
  to   space 4096K, 0% used [0x00000000d6180000,0x00000000d6180000,0x00000000d6580000)
 ParOldGen       total 75776K, used 75696K [0x0000000080000000, 0x0000000084a00000, 0x00000000d5580000)
  object space 75776K, 99% used [0x0000000080000000,0x00000000849ec3d0,0x0000000084a00000)
 Metaspace       used 64302K, committed 65792K, reserved 1114112K
  class space    used 6878K, committed 7488K, reserved 1048576K
GC Heap History (20 events):
Event: 41.766 GC heap before
{Heap before GC invocations=85 (full 3):
 PSYoungGen      total 15360K, used 15200K [0x00000000d5580000, 0x00000000d6580000, 0x0000000100000000)
  eden space 14848K, 100% used [0x00000000d5580000,0x00000000d6400000,0x00000000d6400000)
  from space 512K, 68% used [0x00000000d6480000,0x00000000d64d8000,0x00000000d6500000)
  to   space 512K, 0% used [0x00000000d6500000,0x00000000d6500000,0x00000000d6580000)
 ParOldGen       total 68608K, used 65308K [0x0000000080000000, 0x0000000084300000, 0x00000000d5580000)
  object space 68608K, 95% used [0x0000000080000000,0x0000000083fc7198,0x0000000084300000)
 Metaspace       used 62627K, committed 64064K, reserved 1114112K
  class space    used 6663K, committed 7296K, reserved 1048576K
}
Event: 41.767 GC heap after
{Heap after GC invocations=85 (full 3):
 PSYoungGen      total 15360K, used 416K [0x00000000d5580000, 0x00000000d6580000, 0x0000000100000000)
  eden space 14848K, 0% used [0x00000000d5580000,0x00000000d5580000,0x00000000d6400000)
  from space 512K, 81% used [0x00000000d6500000,0x00000000d6568000,0x00000000d6580000)
  to   space 512K, 0% used [0x00000000d6480000,0x00000000d6480000,0x00000000d6500000)
 ParOldGen       total 68608K, used 65588K [0x0000000080000000, 0x0000000084300000, 0x00000000d5580000)
  object space 68608K, 95% used [0x0000000080000000,0x000000008400d198,0x0000000084300000)
 Metaspace       used 62627K, committed 64064K, reserved 1114112K
  class space    used 6663K, committed 7296K, reserved 1048576K
}
Event: 41.830 GC heap before
{Heap before GC invocations=86 (full 3):
 PSYoungGen      total 15360K, used 15264K [0x00000000d5580000, 0x00000000d6580000, 0x0000000100000000)
  eden space 14848K, 100% used [0x00000000d5580000,0x00000000d6400000,0x00000000d6400000)
  from space 512K, 81% used [0x00000000d6500000,0x00000000d6568000,0x00000000d6580000)
  to   space 512K, 0% used [0x00000000d6480000,0x00000000d6480000,0x00000000d6500000)
 ParOldGen       total 68608K, used 65588K [0x0000000080000000, 0x0000000084300000, 0x00000000d5580000)
  object space 68608K, 95% used [0x0000000080000000,0x000000008400d198,0x0000000084300000)
 Metaspace       used 62682K, committed 64128K, reserved 1114112K
  class space    used 6664K, committed 7296K, reserved 1048576K
}
Event: 41.831 GC heap after
{Heap after GC invocations=86 (full 3):
 PSYoungGen      total 15360K, used 352K [0x00000000d5580000, 0x00000000d6580000, 0x0000000100000000)
  eden space 14848K, 0% used [0x00000000d5580000,0x00000000d5580000,0x00000000d6400000)
  from space 512K, 68% used [0x00000000d6480000,0x00000000d64d8000,0x00000000d6500000)
  to   space 512K, 0% used [0x00000000d6500000,0x00000000d6500000,0x00000000d6580000)
 ParOldGen       total 68608K, used 65905K [0x0000000080000000, 0x0000000084300000, 0x00000000d5580000)
  object space 68608K, 96% used [0x0000000080000000,0x000000008405c718,0x0000000084300000)
 Metaspace       used 62682K, committed 64128K, reserved 1114112K
  class space    used 6664K, committed 7296K, reserved 1048576K
}
Event: 41.867 GC heap before
{Heap before GC invocations=87 (full 3):
 PSYoungGen      total 15360K, used 15200K [0x00000000d5580000, 0x00000000d6580000, 0x0000000100000000)
  eden space 14848K, 100% used [0x00000000d5580000,0x00000000d6400000,0x00000000d6400000)
  from space 512K, 68% used [0x00000000d6480000,0x00000000d64d8000,0x00000000d6500000)
  to   space 512K, 0% used [0x00000000d6500000,0x00000000d6500000,0x00000000d6580000)
 ParOldGen       total 68608K, used 65905K [0x0000000080000000, 0x0000000084300000, 0x00000000d5580000)
  object space 68608K, 96% used [0x0000000080000000,0x000000008405c718,0x0000000084300000)
 Metaspace       used 62710K, committed 64192K, reserved 1114112K
  class space    used 6665K, committed 7296K, reserved 1048576K
}
Event: 41.869 GC heap after
{Heap after GC invocations=87 (full 3):
 PSYoungGen      total 15360K, used 448K [0x00000000d5580000, 0x00000000d6580000, 0x0000000100000000)
  eden space 14848K, 0% used [0x00000000d5580000,0x00000000d5580000,0x00000000d6400000)
  from space 512K, 87% used [0x00000000d6500000,0x00000000d6570000,0x00000000d6580000)
  to   space 512K, 0% used [0x00000000d6480000,0x00000000d6480000,0x00000000d6500000)
 ParOldGen       total 68608K, used 66209K [0x0000000080000000, 0x0000000084300000, 0x00000000d5580000)
  object space 68608K, 96% used [0x0000000080000000,0x00000000840a8718,0x0000000084300000)
 Metaspace       used 62710K, committed 64192K, reserved 1114112K
  class space    used 6665K, committed 7296K, reserved 1048576K
}
Event: 41.896 GC heap before
{Heap before GC invocations=88 (full 3):
 PSYoungGen      total 15360K, used 15296K [0x00000000d5580000, 0x00000000d6580000, 0x0000000100000000)
  eden space 14848K, 100% used [0x00000000d5580000,0x00000000d6400000,0x00000000d6400000)
  from space 512K, 87% used [0x00000000d6500000,0x00000000d6570000,0x00000000d6580000)
  to   space 512K, 0% used [0x00000000d6480000,0x00000000d6480000,0x00000000d6500000)
 ParOldGen       total 68608K, used 66209K [0x0000000080000000, 0x0000000084300000, 0x00000000d5580000)
  object space 68608K, 96% used [0x0000000080000000,0x00000000840a8718,0x0000000084300000)
 Metaspace       used 62712K, committed 64192K, reserved 1114112K
  class space    used 6665K, committed 7296K, reserved 1048576K
}
Event: 41.898 GC heap after
{Heap after GC invocations=88 (full 3):
 PSYoungGen      total 15360K, used 468K [0x00000000d5580000, 0x00000000d6580000, 0x0000000100000000)
  eden space 14848K, 0% used [0x00000000d5580000,0x00000000d5580000,0x00000000d6400000)
  from space 512K, 91% used [0x00000000d6480000,0x00000000d64f5180,0x00000000d6500000)
  to   space 512K, 0% used [0x00000000d6500000,0x00000000d6500000,0x00000000d6580000)
 ParOldGen       total 68608K, used 66497K [0x0000000080000000, 0x0000000084300000, 0x00000000d5580000)
  object space 68608K, 96% used [0x0000000080000000,0x00000000840f0718,0x0000000084300000)
 Metaspace       used 62712K, committed 64192K, reserved 1114112K
  class space    used 6665K, committed 7296K, reserved 1048576K
}
Event: 41.931 GC heap before
{Heap before GC invocations=89 (full 3):
 PSYoungGen      total 15360K, used 15316K [0x00000000d5580000, 0x00000000d6580000, 0x0000000100000000)
  eden space 14848K, 100% used [0x00000000d5580000,0x00000000d6400000,0x00000000d6400000)
  from space 512K, 91% used [0x00000000d6480000,0x00000000d64f5180,0x00000000d6500000)
  to   space 512K, 0% used [0x00000000d6500000,0x00000000d6500000,0x00000000d6580000)
 ParOldGen       total 68608K, used 66497K [0x0000000080000000, 0x0000000084300000, 0x00000000d5580000)
  object space 68608K, 96% used [0x0000000080000000,0x00000000840f0718,0x0000000084300000)
 Metaspace       used 62947K, committed 64512K, reserved 1114112K
  class space    used 6692K, committed 7360K, reserved 1048576K
}
Event: 41.933 GC heap after
{Heap after GC invocations=89 (full 3):
 PSYoungGen      total 15360K, used 416K [0x00000000d5580000, 0x00000000d6580000, 0x0000000100000000)
  eden space 14848K, 0% used [0x00000000d5580000,0x00000000d5580000,0x00000000d6400000)
  from space 512K, 81% used [0x00000000d6500000,0x00000000d6568000,0x00000000d6580000)
  to   space 512K, 0% used [0x00000000d6480000,0x00000000d6480000,0x00000000d6500000)
 ParOldGen       total 68608K, used 66841K [0x0000000080000000, 0x0000000084300000, 0x00000000d5580000)
  object space 68608K, 97% used [0x0000000080000000,0x0000000084146718,0x0000000084300000)
 Metaspace       used 62947K, committed 64512K, reserved 1114112K
  class space    used 6692K, committed 7360K, reserved 1048576K
}
Event: 41.957 GC heap before
{Heap before GC invocations=90 (full 3):
 PSYoungGen      total 15360K, used 15264K [0x00000000d5580000, 0x00000000d6580000, 0x0000000100000000)
  eden space 14848K, 100% used [0x00000000d5580000,0x00000000d6400000,0x00000000d6400000)
  from space 512K, 81% used [0x00000000d6500000,0x00000000d6568000,0x00000000d6580000)
  to   space 512K, 0% used [0x00000000d6480000,0x00000000d6480000,0x00000000d6500000)
 ParOldGen       total 68608K, used 66841K [0x0000000080000000, 0x0000000084300000, 0x00000000d5580000)
  object space 68608K, 97% used [0x0000000080000000,0x0000000084146718,0x0000000084300000)
 Metaspace       used 63117K, committed 64640K, reserved 1114112K
  class space    used 6717K, committed 7360K, reserved 1048576K
}
Event: 41.959 GC heap after
{Heap after GC invocations=90 (full 3):
 PSYoungGen      total 15360K, used 480K [0x00000000d5580000, 0x00000000d6580000, 0x0000000100000000)
  eden space 14848K, 0% used [0x00000000d5580000,0x00000000d5580000,0x00000000d6400000)
  from space 512K, 93% used [0x00000000d6480000,0x00000000d64f8000,0x00000000d6500000)
  to   space 512K, 0% used [0x00000000d6500000,0x00000000d6500000,0x00000000d6580000)
 ParOldGen       total 68608K, used 67202K [0x0000000080000000, 0x0000000084300000, 0x00000000d5580000)
  object space 68608K, 97% used [0x0000000080000000,0x00000000841a08c8,0x0000000084300000)
 Metaspace       used 63117K, committed 64640K, reserved 1114112K
  class space    used 6717K, committed 7360K, reserved 1048576K
}
Event: 41.992 GC heap before
{Heap before GC invocations=91 (full 3):
 PSYoungGen      total 15360K, used 15328K [0x00000000d5580000, 0x00000000d6580000, 0x0000000100000000)
  eden space 14848K, 100% used [0x00000000d5580000,0x00000000d6400000,0x00000000d6400000)
  from space 512K, 93% used [0x00000000d6480000,0x00000000d64f8000,0x00000000d6500000)
  to   space 512K, 0% used [0x00000000d6500000,0x00000000d6500000,0x00000000d6580000)
 ParOldGen       total 68608K, used 67202K [0x0000000080000000, 0x0000000084300000, 0x00000000d5580000)
  object space 68608K, 97% used [0x0000000080000000,0x00000000841a08c8,0x0000000084300000)
 Metaspace       used 63221K, committed 64768K, reserved 1114112K
  class space    used 6730K, committed 7360K, reserved 1048576K
}
Event: 41.993 GC heap after
{Heap after GC invocations=91 (full 3):
 PSYoungGen      total 15360K, used 352K [0x00000000d5580000, 0x00000000d6580000, 0x0000000100000000)
  eden space 14848K, 0% used [0x00000000d5580000,0x00000000d5580000,0x00000000d6400000)
  from space 512K, 68% used [0x00000000d6500000,0x00000000d6558000,0x00000000d6580000)
  to   space 512K, 0% used [0x00000000d6480000,0x00000000d6480000,0x00000000d6500000)
 ParOldGen       total 68608K, used 67602K [0x0000000080000000, 0x0000000084300000, 0x00000000d5580000)
  object space 68608K, 98% used [0x0000000080000000,0x00000000842048c8,0x0000000084300000)
 Metaspace       used 63221K, committed 64768K, reserved 1114112K
  class space    used 6730K, committed 7360K, reserved 1048576K
}
Event: 42.062 GC heap before
{Heap before GC invocations=92 (full 3):
 PSYoungGen      total 15360K, used 15200K [0x00000000d5580000, 0x00000000d6580000, 0x0000000100000000)
  eden space 14848K, 100% used [0x00000000d5580000,0x00000000d6400000,0x00000000d6400000)
  from space 512K, 68% used [0x00000000d6500000,0x00000000d6558000,0x00000000d6580000)
  to   space 512K, 0% used [0x00000000d6480000,0x00000000d6480000,0x00000000d6500000)
 ParOldGen       total 68608K, used 67602K [0x0000000080000000, 0x0000000084300000, 0x00000000d5580000)
  object space 68608K, 98% used [0x0000000080000000,0x00000000842048c8,0x0000000084300000)
 Metaspace       used 63531K, committed 65088K, reserved 1114112K
  class space    used 6772K, committed 7424K, reserved 1048576K
}
Event: 42.064 GC heap after
{Heap after GC invocations=92 (full 3):
 PSYoungGen      total 15360K, used 416K [0x00000000d5580000, 0x00000000d6580000, 0x0000000100000000)
  eden space 14848K, 0% used [0x00000000d5580000,0x00000000d5580000,0x00000000d6400000)
  from space 512K, 81% used [0x00000000d6480000,0x00000000d64e8000,0x00000000d6500000)
  to   space 512K, 0% used [0x00000000d6500000,0x00000000d6500000,0x00000000d6580000)
 ParOldGen       total 69632K, used 68685K [0x0000000080000000, 0x0000000084400000, 0x00000000d5580000)
  object space 69632K, 98% used [0x0000000080000000,0x0000000084313488,0x0000000084400000)
 Metaspace       used 63531K, committed 65088K, reserved 1114112K
  class space    used 6772K, committed 7424K, reserved 1048576K
}
Event: 42.193 GC heap before
{Heap before GC invocations=93 (full 3):
 PSYoungGen      total 15360K, used 15264K [0x00000000d5580000, 0x00000000d6580000, 0x0000000100000000)
  eden space 14848K, 100% used [0x00000000d5580000,0x00000000d6400000,0x00000000d6400000)
  from space 512K, 81% used [0x00000000d6480000,0x00000000d64e8000,0x00000000d6500000)
  to   space 512K, 0% used [0x00000000d6500000,0x00000000d6500000,0x00000000d6580000)
 ParOldGen       total 69632K, used 68685K [0x0000000080000000, 0x0000000084400000, 0x00000000d5580000)
  object space 69632K, 98% used [0x0000000080000000,0x0000000084313488,0x0000000084400000)
 Metaspace       used 63852K, committed 65408K, reserved 1114112K
  class space    used 6821K, committed 7488K, reserved 1048576K
}
Event: 42.197 GC heap after
{Heap after GC invocations=93 (full 3):
 PSYoungGen      total 8192K, used 496K [0x00000000d5580000, 0x00000000d7400000, 0x0000000100000000)
  eden space 7680K, 0% used [0x00000000d5580000,0x00000000d5580000,0x00000000d5d00000)
  from space 512K, 96% used [0x00000000d6500000,0x00000000d657c020,0x00000000d6580000)
  to   space 8192K, 0% used [0x00000000d5d00000,0x00000000d5d00000,0x00000000d6500000)
 ParOldGen       total 75264K, used 75208K [0x0000000080000000, 0x0000000084980000, 0x00000000d5580000)
  object space 75264K, 99% used [0x0000000080000000,0x00000000849723c0,0x0000000084980000)
 Metaspace       used 63852K, committed 65408K, reserved 1114112K
  class space    used 6821K, committed 7488K, reserved 1048576K
}
Event: 42.282 GC heap before
{Heap before GC invocations=94 (full 3):
 PSYoungGen      total 8192K, used 8176K [0x00000000d5580000, 0x00000000d7400000, 0x0000000100000000)
  eden space 7680K, 100% used [0x00000000d5580000,0x00000000d5d00000,0x00000000d5d00000)
  from space 512K, 96% used [0x00000000d6500000,0x00000000d657c020,0x00000000d6580000)
  to   space 8192K, 0% used [0x00000000d5d00000,0x00000000d5d00000,0x00000000d6500000)
 ParOldGen       total 75264K, used 75208K [0x0000000080000000, 0x0000000084980000, 0x00000000d5580000)
  object space 75264K, 99% used [0x0000000080000000,0x00000000849723c0,0x0000000084980000)
 Metaspace       used 63989K, committed 65472K, reserved 1114112K
  class space    used 6848K, committed 7488K, reserved 1048576K
}
Event: 42.287 GC heap after
{Heap after GC invocations=94 (full 3):
 PSYoungGen      total 10240K, used 2112K [0x00000000d5580000, 0x00000000d6580000, 0x0000000100000000)
  eden space 7680K, 0% used [0x00000000d5580000,0x00000000d5580000,0x00000000d5d00000)
  from space 2560K, 82% used [0x00000000d5d00000,0x00000000d5f10020,0x00000000d5f80000)
  to   space 4096K, 0% used [0x00000000d6180000,0x00000000d6180000,0x00000000d6580000)
 ParOldGen       total 75776K, used 75696K [0x0000000080000000, 0x0000000084a00000, 0x00000000d5580000)
  object space 75776K, 99% used [0x0000000080000000,0x00000000849ec3d0,0x0000000084a00000)
 Metaspace       used 63989K, committed 65472K, reserved 1114112K
  class space    used 6848K, committed 7488K, reserved 1048576K
}

